<?xml version="1.0" encoding="UTF-8"?>
<!-- Generated by org.testng.reporters.JUnitReportReporter -->
<testsuite skipped="0" hostname="DESKTOP-CN3CBMR" name="testngpack.Exampl1" tests="3" failures="0" timestamp="29 Jul 2021 13:24:49 GMT" time="0.016" errors="0">
  <testcase name="login" time="0.011" classname="testngpack.Exampl1"/>
  <testcase name="inbox" time="0.003" classname="testngpack.Exampl1"/>
  <testcase name="cemail" time="0.002" classname="testngpack.Exampl1"/>
</testsuite> <!-- testngpack.Exampl1 -->
