<?xml version="1.0" encoding="UTF-8"?>
<!-- Generated by org.testng.reporters.JUnitReportReporter -->
<testsuite skipped="0" hostname="DESKTOP-CN3CBMR" name="testngpack.TestNgexampl2" tests="2" failures="0" timestamp="29 Jul 2021 13:24:49 GMT" time="90.265" errors="0">
  <testcase name="amaz" time="78.887" classname="testngpack.TestNgexampl2"/>
  <testcase name="fb" time="11.378" classname="testngpack.TestNgexampl2"/>
</testsuite> <!-- testngpack.TestNgexampl2 -->
